<?xml version="1.0" encoding="UTF-8"?>
<testsuites name="Test Login" time="15.455" tests="1" failures="0" errors="0">
   <testsuite name="Test Login" tests="1" failures="0" errors="0" time="15.455" skipped="0" timestamp="21-03-2024T14:34:53" hostname="Administrator - 10.53.16.78" id="Test Suites/Test Login">
      <properties>
         <property name="deviceName" value=""/>
         <property name="devicePlatform" value=""/>
         <property name="logFolder" value="C:\\Users\\Administrator\\Katalon Studio\\My First Web UI Project\\Reports\\25670321_143446\\Test Login\\25670321_143447"/>
         <property name="logFiles" value="C:\\Users\\Administrator\\Katalon Studio\\My First Web UI Project\\Reports\\25670321_143446\\Test Login\\25670321_143447\\execution0.log"/>
         <property name="attachments" value=""/>
         <property name="hostName" value="Administrator - 10.53.16.78"/>
         <property name="os" value="Windows 10 64bit"/>
         <property name="katalonVersion" value="9.3.2.212"/>
         <property name="browser" value="Chrome 118.0.0.0"/>
         <property name="hostAddress" value="10.53.16.78"/>
         <property name="sessionId" value="f43382b0b05318367b5b40024656174c"/>
         <property name="seleniumVersion" value="3.141.59"/>
         <property name="proxyInformation" value="ProxyInformation { proxyOption=NO_PROXY, proxyServerType=HTTP, username=, password=********, proxyServerAddress=, proxyServerPort=0, executionList=&quot;&quot;, isApplyToDesiredCapabilities=true }"/>
         <property name="platform" value="Windows 10"/>
      </properties>
      <testcase name="Test Cases/login" time="15.325" classname="Test Cases/login" status="PASSED">
         <system-out><![CDATA[21-03-2024T14:34:53 - [TEST_CASE][PASSED] - Test Cases/login: Test Cases/login

21-03-2024T14:34:53 - [TEST_STEP][PASSED] - openBrowser(""): Browser is opened with url: ''

21-03-2024T14:34:53 - [MESSAGE][INFO] - Starting 'Chrome' driver

21-03-2024T14:34:53 - [MESSAGE][INFO] - Action delay is set to 0 milliseconds

21-03-2024T14:34:54 - [MESSAGE][PASSED] - Browser is opened with url: ''

21-03-2024T14:34:54 - [TEST_STEP][PASSED] - navigateToUrl("https://katalon-demo-cura.herokuapp.com/profile.php#login"): Navigate to 'https://katalon-demo-cura.herokuapp.com/profile.php#login' successfully

21-03-2024T14:35:05 - [MESSAGE][PASSED] - Navigate to 'https://katalon-demo-cura.herokuapp.com/profile.php#login' successfully

21-03-2024T14:35:05 - [TEST_STEP][PASSED] - setText(findTestObject("Object Repository/Page_CURA Healthcare Service/input_Username_username"), "John Doe"): Text 'John Doe' is set on object 'Object Repository/Page_CURA Healthcare Service/input_Username_username'

21-03-2024T14:35:05 - [MESSAGE][PASSED] - Text 'John Doe' is set on object 'Object Repository/Page_CURA Healthcare Service/input_Username_username'

21-03-2024T14:35:05 - [TEST_STEP][PASSED] - setEncryptedText(findTestObject("Object Repository/Page_CURA Healthcare Service/input_Password_password"), "g3/DOGG74jC3Flrr3yH+3D/yKbOqqUNM"): Text ****** has been set on object 'Object Repository/Page_CURA Healthcare Service/input_Password_password'

21-03-2024T14:35:06 - [MESSAGE][PASSED] - Text ****** has been set on object 'Object Repository/Page_CURA Healthcare Service/input_Password_password'

21-03-2024T14:35:06 - [TEST_STEP][PASSED] - click(findTestObject("Object Repository/Page_CURA Healthcare Service/button_Login")): Object: 'Object Repository/Page_CURA Healthcare Service/button_Login' is clicked on

21-03-2024T14:35:08 - [MESSAGE][PASSED] - Object: 'Object Repository/Page_CURA Healthcare Service/button_Login' is clicked on

21-03-2024T14:35:08 - [TEST_STEP][PASSED] - closeBrowser(): Browser is closed

21-03-2024T14:35:08 - [MESSAGE][PASSED] - Browser is closed]]></system-out>
         <system-err><![CDATA[]]></system-err>
      </testcase>
      <system-out><![CDATA[21-03-2024T14:34:53 - [TEST_SUITE][PASSED] - Test Login: Test Cases/login]]></system-out>
      <system-err><![CDATA[]]></system-err>
   </testsuite>
</testsuites>
